The system is: Darwin - 12.2.0 - i386
Compiling the C compiler identification source file "CMakeCCompilerId.c" succeeded.
Compiler: /usr/bin/gcc 
Build flags: 
Id flags: 

The output was:
0


Compilation of the C compiler identification source "CMakeCCompilerId.c" produced "a.out"

The C compiler identification is GNU, found in "/Users/tamen/Documents/Archive/Skole/SDU/7Semester/ROB/Exercises/Mandatory2/Code/CMakeFiles/CompilerIdC/a.out"

Compiling the CXX compiler identification source file "CMakeCXXCompilerId.cpp" succeeded.
Compiler: /usr/bin/g++ 
Build flags: 
Id flags: 

The output was:
0


Compilation of the CXX compiler identification source "CMakeCXXCompilerId.cpp" produced "a.out"

The CXX compiler identification is GNU, found in "/Users/tamen/Documents/Archive/Skole/SDU/7Semester/ROB/Exercises/Mandatory2/Code/CMakeFiles/CompilerIdCXX/a.out"

Determining if the C compiler works passed with the following output:
Change Dir: /Users/tamen/Documents/Archive/Skole/SDU/7Semester/ROB/Exercises/Mandatory2/Code/CMakeFiles/CMakeTmp

Run Build Command:/opt/local/bin/cmakexbuild -project CMAKE_TRY_COMPILE.xcodeproj build -target cmTryCompileExec4031979701 -configuration Debug
=== BUILD NATIVE TARGET cmTryCompileExec4031979701 OF PROJECT CMAKE_TRY_COMPILE WITH CONFIGURATION Debug ===
Check dependencies

CompileC CMAKE_TRY_COMPILE.build/Debug/cmTryCompileExec4031979701.build/Objects-normal/x86_64/testCCompiler.o testCCompiler.c normal x86_64 c com.apple.compilers.llvm.clang.1_0.compiler
    cd /Users/tamen/Documents/Archive/Skole/SDU/7Semester/ROB/Exercises/Mandatory2/Code/CMakeFiles/CMakeTmp
    /Applications/Xcode.app/Contents/Developer/Toolchains/XcodeDefault.xctoolchain/usr/bin/clang -x c -arch x86_64 -fmessage-length=0 -Wno-trigraphs -fpascal-strings -O0 -Wno-missing-field-initializers -Wno-missing-prototypes -Wno-return-type -Wformat -Wno-missing-braces -Wparentheses -Wswitch -Wno-unused-function -Wno-unused-label -Wno-unused-parameter -Wno-unused-variable -Wunused-value -Wno-empty-body -Wno-uninitialized -Wno-unknown-pragmas -Wno-shadow -Wno-four-char-constants -Wno-conversion -Wno-shorten-64-to-32 -Wpointer-sign -Wno-newline-eof "-DCMAKE_INTDIR=\"Debug\"" -isysroot /Applications/Xcode.app/Contents/Developer/Platforms/MacOSX.platform/Developer/SDKs/MacOSX10.8.sdk -fasm-blocks -Wdeprecated-declarations -mmacosx-version-min=10.8 -g -Wno-sign-conversion -I/Users/tamen/Documents/Archive/Skole/SDU/7Semester/ROB/Exercises/Mandatory2/Code/CMakeFiles/CMakeTmp/Debug/include -I/Applications/Xcode.app/Contents/Developer/Toolchains/XcodeDefault.xctoolchain/usr/include -I/Applications/Xcode.app/Contents/Developer/Toolchains/XcodeDefault.xctoolchain/usr/include -I/Applications/Xcode.app/Contents/Developer/Toolchains/XcodeDefault.xctoolchain/usr/include -I/Users/tamen/Documents/Archive/Skole/SDU/7Semester/ROB/Exercises/Mandatory2/Code/CMakeFiles/CMakeTmp/CMAKE_TRY_COMPILE.build/Debug/cmTryCompileExec4031979701.build/DerivedSources/x86_64 -I/Users/tamen/Documents/Archive/Skole/SDU/7Semester/ROB/Exercises/Mandatory2/Code/CMakeFiles/CMakeTmp/CMAKE_TRY_COMPILE.build/Debug/cmTryCompileExec4031979701.build/DerivedSources -Wmost -Wno-four-char-constants -Wno-unknown-pragmas -F/Users/tamen/Documents/Archive/Skole/SDU/7Semester/ROB/Exercises/Mandatory2/Code/CMakeFiles/CMakeTmp/Debug -MMD -MT dependencies -MF /Users/tamen/Documents/Archive/Skole/SDU/7Semester/ROB/Exercises/Mandatory2/Code/CMakeFiles/CMakeTmp/CMAKE_TRY_COMPILE.build/Debug/cmTryCompileExec4031979701.build/Objects-normal/x86_64/testCCompiler.d --serialize-diagnostics /Users/tamen/Documents/Archive/Skole/SDU/7Semester/ROB/Exercises/Mandatory2/Code/CMakeFiles/CMakeTmp/CMAKE_TRY_COMPILE.build/Debug/cmTryCompileExec4031979701.build/Objects-normal/x86_64/testCCompiler.dia -c /Users/tamen/Documents/Archive/Skole/SDU/7Semester/ROB/Exercises/Mandatory2/Code/CMakeFiles/CMakeTmp/testCCompiler.c -o /Users/tamen/Documents/Archive/Skole/SDU/7Semester/ROB/Exercises/Mandatory2/Code/CMakeFiles/CMakeTmp/CMAKE_TRY_COMPILE.build/Debug/cmTryCompileExec4031979701.build/Objects-normal/x86_64/testCCompiler.o

Ld Debug/cmTryCompileExec4031979701 normal x86_64
    cd /Users/tamen/Documents/Archive/Skole/SDU/7Semester/ROB/Exercises/Mandatory2/Code/CMakeFiles/CMakeTmp
    /Applications/Xcode.app/Contents/Developer/Toolchains/XcodeDefault.xctoolchain/usr/bin/clang -arch x86_64 -isysroot /Applications/Xcode.app/Contents/Developer/Platforms/MacOSX.platform/Developer/SDKs/MacOSX10.8.sdk -L/Users/tamen/Documents/Archive/Skole/SDU/7Semester/ROB/Exercises/Mandatory2/Code/CMakeFiles/CMakeTmp/Debug -F/Users/tamen/Documents/Archive/Skole/SDU/7Semester/ROB/Exercises/Mandatory2/Code/CMakeFiles/CMakeTmp/Debug -filelist /Users/tamen/Documents/Archive/Skole/SDU/7Semester/ROB/Exercises/Mandatory2/Code/CMakeFiles/CMakeTmp/CMAKE_TRY_COMPILE.build/Debug/cmTryCompileExec4031979701.build/Objects-normal/x86_64/cmTryCompileExec4031979701.LinkFileList -mmacosx-version-min=10.8 -Wl,-search_paths_first -Wl,-headerpad_max_install_names -o /Users/tamen/Documents/Archive/Skole/SDU/7Semester/ROB/Exercises/Mandatory2/Code/CMakeFiles/CMakeTmp/Debug/cmTryCompileExec4031979701

PhaseScriptExecution "CMake PostBuild Rules" CMAKE_TRY_COMPILE.build/Debug/cmTryCompileExec4031979701.build/Script-7D49D0EE659048FAB82F0D80.sh
    cd /Users/tamen/Documents/Archive/Skole/SDU/7Semester/ROB/Exercises/Mandatory2/Code/CMakeFiles/CMakeTmp
    /bin/sh -c /Users/tamen/Documents/Archive/Skole/SDU/7Semester/ROB/Exercises/Mandatory2/Code/CMakeFiles/CMakeTmp/CMAKE_TRY_COMPILE.build/Debug/cmTryCompileExec4031979701.build/Script-7D49D0EE659048FAB82F0D80.sh
echo "Depend check for xcode"
Depend check for xcode
cd /Users/tamen/Documents/Archive/Skole/SDU/7Semester/ROB/Exercises/Mandatory2/Code/CMakeFiles/CMakeTmp && make -C /Users/tamen/Documents/Archive/Skole/SDU/7Semester/ROB/Exercises/Mandatory2/Code/CMakeFiles/CMakeTmp -f /Users/tamen/Documents/Archive/Skole/SDU/7Semester/ROB/Exercises/Mandatory2/Code/CMakeFiles/CMakeTmp/CMakeScripts/XCODE_DEPEND_HELPER.make PostBuild.cmTryCompileExec4031979701.Debug
make[1]: Nothing to be done for `PostBuild.cmTryCompileExec4031979701.Debug'.


** BUILD SUCCEEDED **



Detecting C compiler ABI info compiled with the following output:
Change Dir: /Users/tamen/Documents/Archive/Skole/SDU/7Semester/ROB/Exercises/Mandatory2/Code/CMakeFiles/CMakeTmp

Run Build Command:/opt/local/bin/cmakexbuild -project CMAKE_TRY_COMPILE.xcodeproj build -target cmTryCompileExec1352023836 -configuration Debug
=== BUILD NATIVE TARGET cmTryCompileExec1352023836 OF PROJECT CMAKE_TRY_COMPILE WITH CONFIGURATION Debug ===
Check dependencies

CompileC CMAKE_TRY_COMPILE.build/Debug/cmTryCompileExec1352023836.build/Objects-normal/x86_64/CMakeCCompilerABI.o ../../../../../../../../../../../../../opt/local/share/cmake-2.8/Modules/CMakeCCompilerABI.c normal x86_64 c com.apple.compilers.llvm.clang.1_0.compiler
    cd /Users/tamen/Documents/Archive/Skole/SDU/7Semester/ROB/Exercises/Mandatory2/Code/CMakeFiles/CMakeTmp
    /Applications/Xcode.app/Contents/Developer/Toolchains/XcodeDefault.xctoolchain/usr/bin/clang -x c -arch x86_64 -fmessage-length=0 -Wno-trigraphs -fpascal-strings -O0 -Wno-missing-field-initializers -Wno-missing-prototypes -Wno-return-type -Wformat -Wno-missing-braces -Wparentheses -Wswitch -Wno-unused-function -Wno-unused-label -Wno-unused-parameter -Wno-unused-variable -Wunused-value -Wno-empty-body -Wno-uninitialized -Wno-unknown-pragmas -Wno-shadow -Wno-four-char-constants -Wno-conversion -Wno-shorten-64-to-32 -Wpointer-sign -Wno-newline-eof "-DCMAKE_INTDIR=\"Debug\"" -isysroot /Applications/Xcode.app/Contents/Developer/Platforms/MacOSX.platform/Developer/SDKs/MacOSX10.8.sdk -fasm-blocks -Wdeprecated-declarations -mmacosx-version-min=10.8 -g -Wno-sign-conversion -I/Users/tamen/Documents/Archive/Skole/SDU/7Semester/ROB/Exercises/Mandatory2/Code/CMakeFiles/CMakeTmp/Debug/include -I/Applications/Xcode.app/Contents/Developer/Toolchains/XcodeDefault.xctoolchain/usr/include -I/Applications/Xcode.app/Contents/Developer/Toolchains/XcodeDefault.xctoolchain/usr/include -I/Applications/Xcode.app/Contents/Developer/Toolchains/XcodeDefault.xctoolchain/usr/include -I/Users/tamen/Documents/Archive/Skole/SDU/7Semester/ROB/Exercises/Mandatory2/Code/CMakeFiles/CMakeTmp/CMAKE_TRY_COMPILE.build/Debug/cmTryCompileExec1352023836.build/DerivedSources/x86_64 -I/Users/tamen/Documents/Archive/Skole/SDU/7Semester/ROB/Exercises/Mandatory2/Code/CMakeFiles/CMakeTmp/CMAKE_TRY_COMPILE.build/Debug/cmTryCompileExec1352023836.build/DerivedSources -Wmost -Wno-four-char-constants -Wno-unknown-pragmas -F/Users/tamen/Documents/Archive/Skole/SDU/7Semester/ROB/Exercises/Mandatory2/Code/CMakeFiles/CMakeTmp/Debug -MMD -MT dependencies -MF /Users/tamen/Documents/Archive/Skole/SDU/7Semester/ROB/Exercises/Mandatory2/Code/CMakeFiles/CMakeTmp/CMAKE_TRY_COMPILE.build/Debug/cmTryCompileExec1352023836.build/Objects-normal/x86_64/CMakeCCompilerABI.d --serialize-diagnostics /Users/tamen/Documents/Archive/Skole/SDU/7Semester/ROB/Exercises/Mandatory2/Code/CMakeFiles/CMakeTmp/CMAKE_TRY_COMPILE.build/Debug/cmTryCompileExec1352023836.build/Objects-normal/x86_64/CMakeCCompilerABI.dia -c /Users/tamen/Documents/Archive/Skole/SDU/7Semester/ROB/Exercises/Mandatory2/Code/CMakeFiles/CMakeTmp/../../../../../../../../../../../../../opt/local/share/cmake-2.8/Modules/CMakeCCompilerABI.c -o /Users/tamen/Documents/Archive/Skole/SDU/7Semester/ROB/Exercises/Mandatory2/Code/CMakeFiles/CMakeTmp/CMAKE_TRY_COMPILE.build/Debug/cmTryCompileExec1352023836.build/Objects-normal/x86_64/CMakeCCompilerABI.o

Ld Debug/cmTryCompileExec1352023836 normal x86_64
    cd /Users/tamen/Documents/Archive/Skole/SDU/7Semester/ROB/Exercises/Mandatory2/Code/CMakeFiles/CMakeTmp
    /Applications/Xcode.app/Contents/Developer/Toolchains/XcodeDefault.xctoolchain/usr/bin/clang -arch x86_64 -isysroot /Applications/Xcode.app/Contents/Developer/Platforms/MacOSX.platform/Developer/SDKs/MacOSX10.8.sdk -L/Users/tamen/Documents/Archive/Skole/SDU/7Semester/ROB/Exercises/Mandatory2/Code/CMakeFiles/CMakeTmp/Debug -F/Users/tamen/Documents/Archive/Skole/SDU/7Semester/ROB/Exercises/Mandatory2/Code/CMakeFiles/CMakeTmp/Debug -filelist /Users/tamen/Documents/Archive/Skole/SDU/7Semester/ROB/Exercises/Mandatory2/Code/CMakeFiles/CMakeTmp/CMAKE_TRY_COMPILE.build/Debug/cmTryCompileExec1352023836.build/Objects-normal/x86_64/cmTryCompileExec1352023836.LinkFileList -mmacosx-version-min=10.8 -v -Wl,-search_paths_first -Wl,-headerpad_max_install_names -o /Users/tamen/Documents/Archive/Skole/SDU/7Semester/ROB/Exercises/Mandatory2/Code/CMakeFiles/CMakeTmp/Debug/cmTryCompileExec1352023836
Apple clang version 4.1 (tags/Apple/clang-421.11.66) (based on LLVM 3.1svn)
Target: x86_64-apple-darwin12.2.0
Thread model: posix
 "/Applications/Xcode.app/Contents/Developer/Toolchains/XcodeDefault.xctoolchain/usr/bin/ld" -demangle -dynamic -arch x86_64 -macosx_version_min 10.8.0 -syslibroot /Applications/Xcode.app/Contents/Developer/Platforms/MacOSX.platform/Developer/SDKs/MacOSX10.8.sdk -o /Users/tamen/Documents/Archive/Skole/SDU/7Semester/ROB/Exercises/Mandatory2/Code/CMakeFiles/CMakeTmp/Debug/cmTryCompileExec1352023836 -L/Users/tamen/Documents/Archive/Skole/SDU/7Semester/ROB/Exercises/Mandatory2/Code/CMakeFiles/CMakeTmp/Debug -filelist /Users/tamen/Documents/Archive/Skole/SDU/7Semester/ROB/Exercises/Mandatory2/Code/CMakeFiles/CMakeTmp/CMAKE_TRY_COMPILE.build/Debug/cmTryCompileExec1352023836.build/Objects-normal/x86_64/cmTryCompileExec1352023836.LinkFileList -search_paths_first -headerpad_max_install_names -lSystem /Applications/Xcode.app/Contents/Developer/Toolchains/XcodeDefault.xctoolchain/usr/bin/../lib/clang/4.1/lib/darwin/libclang_rt.osx.a -F/Users/tamen/Documents/Archive/Skole/SDU/7Semester/ROB/Exercises/Mandatory2/Code/CMakeFiles/CMakeTmp/Debug

PhaseScriptExecution "CMake PostBuild Rules" CMAKE_TRY_COMPILE.build/Debug/cmTryCompileExec1352023836.build/Script-43DB6C2E6346487299903DAE.sh
    cd /Users/tamen/Documents/Archive/Skole/SDU/7Semester/ROB/Exercises/Mandatory2/Code/CMakeFiles/CMakeTmp
    /bin/sh -c /Users/tamen/Documents/Archive/Skole/SDU/7Semester/ROB/Exercises/Mandatory2/Code/CMakeFiles/CMakeTmp/CMAKE_TRY_COMPILE.build/Debug/cmTryCompileExec1352023836.build/Script-43DB6C2E6346487299903DAE.sh
echo "Depend check for xcode"
Depend check for xcode
cd /Users/tamen/Documents/Archive/Skole/SDU/7Semester/ROB/Exercises/Mandatory2/Code/CMakeFiles/CMakeTmp && make -C /Users/tamen/Documents/Archive/Skole/SDU/7Semester/ROB/Exercises/Mandatory2/Code/CMakeFiles/CMakeTmp -f /Users/tamen/Documents/Archive/Skole/SDU/7Semester/ROB/Exercises/Mandatory2/Code/CMakeFiles/CMakeTmp/CMakeScripts/XCODE_DEPEND_HELPER.make PostBuild.cmTryCompileExec1352023836.Debug
make[1]: Nothing to be done for `PostBuild.cmTryCompileExec1352023836.Debug'.


** BUILD SUCCEEDED **



Determining if the CXX compiler works passed with the following output:
Change Dir: /Users/tamen/Documents/Archive/Skole/SDU/7Semester/ROB/Exercises/Mandatory2/Code/CMakeFiles/CMakeTmp

Run Build Command:/opt/local/bin/cmakexbuild -project CMAKE_TRY_COMPILE.xcodeproj build -target cmTryCompileExec3056172206 -configuration Debug
=== BUILD NATIVE TARGET cmTryCompileExec3056172206 OF PROJECT CMAKE_TRY_COMPILE WITH CONFIGURATION Debug ===
Check dependencies

CompileC CMAKE_TRY_COMPILE.build/Debug/cmTryCompileExec3056172206.build/Objects-normal/x86_64/testCXXCompiler.o testCXXCompiler.cxx normal x86_64 c++ com.apple.compilers.llvm.clang.1_0.compiler
    cd /Users/tamen/Documents/Archive/Skole/SDU/7Semester/ROB/Exercises/Mandatory2/Code/CMakeFiles/CMakeTmp
    /Applications/Xcode.app/Contents/Developer/Toolchains/XcodeDefault.xctoolchain/usr/bin/clang -x c++ -arch x86_64 -fmessage-length=0 -Wno-trigraphs -fpascal-strings -O0 -Wno-missing-field-initializers -Wno-missing-prototypes -Wno-return-type -Wno-non-virtual-dtor -Wno-overloaded-virtual -Wno-exit-time-destructors -Wformat -Wno-missing-braces -Wparentheses -Wswitch -Wno-unused-function -Wno-unused-label -Wno-unused-parameter -Wno-unused-variable -Wunused-value -Wno-empty-body -Wno-uninitialized -Wno-unknown-pragmas -Wno-shadow -Wno-four-char-constants -Wno-conversion -Wno-shorten-64-to-32 -Wno-newline-eof -Wno-c++11-extensions "-DCMAKE_INTDIR=\"Debug\"" -isysroot /Applications/Xcode.app/Contents/Developer/Platforms/MacOSX.platform/Developer/SDKs/MacOSX10.8.sdk -fasm-blocks -Wdeprecated-declarations -Winvalid-offsetof -mmacosx-version-min=10.8 -Wno-sign-conversion -I/Users/tamen/Documents/Archive/Skole/SDU/7Semester/ROB/Exercises/Mandatory2/Code/CMakeFiles/CMakeTmp/Debug/include -I/Applications/Xcode.app/Contents/Developer/Toolchains/XcodeDefault.xctoolchain/usr/include -I/Applications/Xcode.app/Contents/Developer/Toolchains/XcodeDefault.xctoolchain/usr/include -I/Applications/Xcode.app/Contents/Developer/Toolchains/XcodeDefault.xctoolchain/usr/include -I/Users/tamen/Documents/Archive/Skole/SDU/7Semester/ROB/Exercises/Mandatory2/Code/CMakeFiles/CMakeTmp/CMAKE_TRY_COMPILE.build/Debug/cmTryCompileExec3056172206.build/DerivedSources/x86_64 -I/Users/tamen/Documents/Archive/Skole/SDU/7Semester/ROB/Exercises/Mandatory2/Code/CMakeFiles/CMakeTmp/CMAKE_TRY_COMPILE.build/Debug/cmTryCompileExec3056172206.build/DerivedSources -Wmost -Wno-four-char-constants -Wno-unknown-pragmas -F/Users/tamen/Documents/Archive/Skole/SDU/7Semester/ROB/Exercises/Mandatory2/Code/CMakeFiles/CMakeTmp/Debug -g -MMD -MT dependencies -MF /Users/tamen/Documents/Archive/Skole/SDU/7Semester/ROB/Exercises/Mandatory2/Code/CMakeFiles/CMakeTmp/CMAKE_TRY_COMPILE.build/Debug/cmTryCompileExec3056172206.build/Objects-normal/x86_64/testCXXCompiler.d --serialize-diagnostics /Users/tamen/Documents/Archive/Skole/SDU/7Semester/ROB/Exercises/Mandatory2/Code/CMakeFiles/CMakeTmp/CMAKE_TRY_COMPILE.build/Debug/cmTryCompileExec3056172206.build/Objects-normal/x86_64/testCXXCompiler.dia -c /Users/tamen/Documents/Archive/Skole/SDU/7Semester/ROB/Exercises/Mandatory2/Code/CMakeFiles/CMakeTmp/testCXXCompiler.cxx -o /Users/tamen/Documents/Archive/Skole/SDU/7Semester/ROB/Exercises/Mandatory2/Code/CMakeFiles/CMakeTmp/CMAKE_TRY_COMPILE.build/Debug/cmTryCompileExec3056172206.build/Objects-normal/x86_64/testCXXCompiler.o

Ld Debug/cmTryCompileExec3056172206 normal x86_64
    cd /Users/tamen/Documents/Archive/Skole/SDU/7Semester/ROB/Exercises/Mandatory2/Code/CMakeFiles/CMakeTmp
    /Applications/Xcode.app/Contents/Developer/Toolchains/XcodeDefault.xctoolchain/usr/bin/clang++ -arch x86_64 -isysroot /Applications/Xcode.app/Contents/Developer/Platforms/MacOSX.platform/Developer/SDKs/MacOSX10.8.sdk -L/Users/tamen/Documents/Archive/Skole/SDU/7Semester/ROB/Exercises/Mandatory2/Code/CMakeFiles/CMakeTmp/Debug -F/Users/tamen/Documents/Archive/Skole/SDU/7Semester/ROB/Exercises/Mandatory2/Code/CMakeFiles/CMakeTmp/Debug -filelist /Users/tamen/Documents/Archive/Skole/SDU/7Semester/ROB/Exercises/Mandatory2/Code/CMakeFiles/CMakeTmp/CMAKE_TRY_COMPILE.build/Debug/cmTryCompileExec3056172206.build/Objects-normal/x86_64/cmTryCompileExec3056172206.LinkFileList -mmacosx-version-min=10.8 -Wl,-search_paths_first -Wl,-headerpad_max_install_names -o /Users/tamen/Documents/Archive/Skole/SDU/7Semester/ROB/Exercises/Mandatory2/Code/CMakeFiles/CMakeTmp/Debug/cmTryCompileExec3056172206

PhaseScriptExecution "CMake PostBuild Rules" CMAKE_TRY_COMPILE.build/Debug/cmTryCompileExec3056172206.build/Script-51C06304FFE44ECEBB7340CF.sh
    cd /Users/tamen/Documents/Archive/Skole/SDU/7Semester/ROB/Exercises/Mandatory2/Code/CMakeFiles/CMakeTmp
    /bin/sh -c /Users/tamen/Documents/Archive/Skole/SDU/7Semester/ROB/Exercises/Mandatory2/Code/CMakeFiles/CMakeTmp/CMAKE_TRY_COMPILE.build/Debug/cmTryCompileExec3056172206.build/Script-51C06304FFE44ECEBB7340CF.sh
echo "Depend check for xcode"
Depend check for xcode
cd /Users/tamen/Documents/Archive/Skole/SDU/7Semester/ROB/Exercises/Mandatory2/Code/CMakeFiles/CMakeTmp && make -C /Users/tamen/Documents/Archive/Skole/SDU/7Semester/ROB/Exercises/Mandatory2/Code/CMakeFiles/CMakeTmp -f /Users/tamen/Documents/Archive/Skole/SDU/7Semester/ROB/Exercises/Mandatory2/Code/CMakeFiles/CMakeTmp/CMakeScripts/XCODE_DEPEND_HELPER.make PostBuild.cmTryCompileExec3056172206.Debug
make[1]: Nothing to be done for `PostBuild.cmTryCompileExec3056172206.Debug'.


** BUILD SUCCEEDED **



Detecting CXX compiler ABI info compiled with the following output:
Change Dir: /Users/tamen/Documents/Archive/Skole/SDU/7Semester/ROB/Exercises/Mandatory2/Code/CMakeFiles/CMakeTmp

Run Build Command:/opt/local/bin/cmakexbuild -project CMAKE_TRY_COMPILE.xcodeproj build -target cmTryCompileExec1824921992 -configuration Debug
=== BUILD NATIVE TARGET cmTryCompileExec1824921992 OF PROJECT CMAKE_TRY_COMPILE WITH CONFIGURATION Debug ===
Check dependencies

CompileC CMAKE_TRY_COMPILE.build/Debug/cmTryCompileExec1824921992.build/Objects-normal/x86_64/CMakeCXXCompilerABI.o ../../../../../../../../../../../../../opt/local/share/cmake-2.8/Modules/CMakeCXXCompilerABI.cpp normal x86_64 c++ com.apple.compilers.llvm.clang.1_0.compiler
    cd /Users/tamen/Documents/Archive/Skole/SDU/7Semester/ROB/Exercises/Mandatory2/Code/CMakeFiles/CMakeTmp
    /Applications/Xcode.app/Contents/Developer/Toolchains/XcodeDefault.xctoolchain/usr/bin/clang -x c++ -arch x86_64 -fmessage-length=0 -Wno-trigraphs -fpascal-strings -O0 -Wno-missing-field-initializers -Wno-missing-prototypes -Wno-return-type -Wno-non-virtual-dtor -Wno-overloaded-virtual -Wno-exit-time-destructors -Wformat -Wno-missing-braces -Wparentheses -Wswitch -Wno-unused-function -Wno-unused-label -Wno-unused-parameter -Wno-unused-variable -Wunused-value -Wno-empty-body -Wno-uninitialized -Wno-unknown-pragmas -Wno-shadow -Wno-four-char-constants -Wno-conversion -Wno-shorten-64-to-32 -Wno-newline-eof -Wno-c++11-extensions "-DCMAKE_INTDIR=\"Debug\"" -isysroot /Applications/Xcode.app/Contents/Developer/Platforms/MacOSX.platform/Developer/SDKs/MacOSX10.8.sdk -fasm-blocks -Wdeprecated-declarations -Winvalid-offsetof -mmacosx-version-min=10.8 -Wno-sign-conversion -I/Users/tamen/Documents/Archive/Skole/SDU/7Semester/ROB/Exercises/Mandatory2/Code/CMakeFiles/CMakeTmp/Debug/include -I/Applications/Xcode.app/Contents/Developer/Toolchains/XcodeDefault.xctoolchain/usr/include -I/Applications/Xcode.app/Contents/Developer/Toolchains/XcodeDefault.xctoolchain/usr/include -I/Applications/Xcode.app/Contents/Developer/Toolchains/XcodeDefault.xctoolchain/usr/include -I/Users/tamen/Documents/Archive/Skole/SDU/7Semester/ROB/Exercises/Mandatory2/Code/CMakeFiles/CMakeTmp/CMAKE_TRY_COMPILE.build/Debug/cmTryCompileExec1824921992.build/DerivedSources/x86_64 -I/Users/tamen/Documents/Archive/Skole/SDU/7Semester/ROB/Exercises/Mandatory2/Code/CMakeFiles/CMakeTmp/CMAKE_TRY_COMPILE.build/Debug/cmTryCompileExec1824921992.build/DerivedSources -Wmost -Wno-four-char-constants -Wno-unknown-pragmas -F/Users/tamen/Documents/Archive/Skole/SDU/7Semester/ROB/Exercises/Mandatory2/Code/CMakeFiles/CMakeTmp/Debug -g -MMD -MT dependencies -MF /Users/tamen/Documents/Archive/Skole/SDU/7Semester/ROB/Exercises/Mandatory2/Code/CMakeFiles/CMakeTmp/CMAKE_TRY_COMPILE.build/Debug/cmTryCompileExec1824921992.build/Objects-normal/x86_64/CMakeCXXCompilerABI.d --serialize-diagnostics /Users/tamen/Documents/Archive/Skole/SDU/7Semester/ROB/Exercises/Mandatory2/Code/CMakeFiles/CMakeTmp/CMAKE_TRY_COMPILE.build/Debug/cmTryCompileExec1824921992.build/Objects-normal/x86_64/CMakeCXXCompilerABI.dia -c /Users/tamen/Documents/Archive/Skole/SDU/7Semester/ROB/Exercises/Mandatory2/Code/CMakeFiles/CMakeTmp/../../../../../../../../../../../../../opt/local/share/cmake-2.8/Modules/CMakeCXXCompilerABI.cpp -o /Users/tamen/Documents/Archive/Skole/SDU/7Semester/ROB/Exercises/Mandatory2/Code/CMakeFiles/CMakeTmp/CMAKE_TRY_COMPILE.build/Debug/cmTryCompileExec1824921992.build/Objects-normal/x86_64/CMakeCXXCompilerABI.o

Ld Debug/cmTryCompileExec1824921992 normal x86_64
    cd /Users/tamen/Documents/Archive/Skole/SDU/7Semester/ROB/Exercises/Mandatory2/Code/CMakeFiles/CMakeTmp
    /Applications/Xcode.app/Contents/Developer/Toolchains/XcodeDefault.xctoolchain/usr/bin/clang++ -arch x86_64 -isysroot /Applications/Xcode.app/Contents/Developer/Platforms/MacOSX.platform/Developer/SDKs/MacOSX10.8.sdk -L/Users/tamen/Documents/Archive/Skole/SDU/7Semester/ROB/Exercises/Mandatory2/Code/CMakeFiles/CMakeTmp/Debug -F/Users/tamen/Documents/Archive/Skole/SDU/7Semester/ROB/Exercises/Mandatory2/Code/CMakeFiles/CMakeTmp/Debug -filelist /Users/tamen/Documents/Archive/Skole/SDU/7Semester/ROB/Exercises/Mandatory2/Code/CMakeFiles/CMakeTmp/CMAKE_TRY_COMPILE.build/Debug/cmTryCompileExec1824921992.build/Objects-normal/x86_64/cmTryCompileExec1824921992.LinkFileList -mmacosx-version-min=10.8 -v -Wl,-search_paths_first -Wl,-headerpad_max_install_names -o /Users/tamen/Documents/Archive/Skole/SDU/7Semester/ROB/Exercises/Mandatory2/Code/CMakeFiles/CMakeTmp/Debug/cmTryCompileExec1824921992
Apple clang version 4.1 (tags/Apple/clang-421.11.66) (based on LLVM 3.1svn)
Target: x86_64-apple-darwin12.2.0
Thread model: posix
 "/Applications/Xcode.app/Contents/Developer/Toolchains/XcodeDefault.xctoolchain/usr/bin/ld" -demangle -dynamic -arch x86_64 -macosx_version_min 10.8.0 -syslibroot /Applications/Xcode.app/Contents/Developer/Platforms/MacOSX.platform/Developer/SDKs/MacOSX10.8.sdk -o /Users/tamen/Documents/Archive/Skole/SDU/7Semester/ROB/Exercises/Mandatory2/Code/CMakeFiles/CMakeTmp/Debug/cmTryCompileExec1824921992 -L/Users/tamen/Documents/Archive/Skole/SDU/7Semester/ROB/Exercises/Mandatory2/Code/CMakeFiles/CMakeTmp/Debug -filelist /Users/tamen/Documents/Archive/Skole/SDU/7Semester/ROB/Exercises/Mandatory2/Code/CMakeFiles/CMakeTmp/CMAKE_TRY_COMPILE.build/Debug/cmTryCompileExec1824921992.build/Objects-normal/x86_64/cmTryCompileExec1824921992.LinkFileList -search_paths_first -headerpad_max_install_names -lstdc++ -lSystem /Applications/Xcode.app/Contents/Developer/Toolchains/XcodeDefault.xctoolchain/usr/bin/../lib/clang/4.1/lib/darwin/libclang_rt.osx.a -F/Users/tamen/Documents/Archive/Skole/SDU/7Semester/ROB/Exercises/Mandatory2/Code/CMakeFiles/CMakeTmp/Debug

PhaseScriptExecution "CMake PostBuild Rules" CMAKE_TRY_COMPILE.build/Debug/cmTryCompileExec1824921992.build/Script-90FC6DAB7232414980D54109.sh
    cd /Users/tamen/Documents/Archive/Skole/SDU/7Semester/ROB/Exercises/Mandatory2/Code/CMakeFiles/CMakeTmp
    /bin/sh -c /Users/tamen/Documents/Archive/Skole/SDU/7Semester/ROB/Exercises/Mandatory2/Code/CMakeFiles/CMakeTmp/CMAKE_TRY_COMPILE.build/Debug/cmTryCompileExec1824921992.build/Script-90FC6DAB7232414980D54109.sh
echo "Depend check for xcode"
Depend check for xcode
cd /Users/tamen/Documents/Archive/Skole/SDU/7Semester/ROB/Exercises/Mandatory2/Code/CMakeFiles/CMakeTmp && make -C /Users/tamen/Documents/Archive/Skole/SDU/7Semester/ROB/Exercises/Mandatory2/Code/CMakeFiles/CMakeTmp -f /Users/tamen/Documents/Archive/Skole/SDU/7Semester/ROB/Exercises/Mandatory2/Code/CMakeFiles/CMakeTmp/CMakeScripts/XCODE_DEPEND_HELPER.make PostBuild.cmTryCompileExec1824921992.Debug
make[1]: Nothing to be done for `PostBuild.cmTryCompileExec1824921992.Debug'.


** BUILD SUCCEEDED **



